Determining if the pthread_create exist failed with the following output:
Change Dir: /home/supreme/djk/myServer/build/CMakeFiles/CMakeTmp

Run Build Command:"/usr/bin/make" "cmTC_7812c/fast"
/usr/bin/make -f CMakeFiles/cmTC_7812c.dir/build.make CMakeFiles/cmTC_7812c.dir/build
make[1]: Entering directory '/home/supreme/djk/myServer/build/CMakeFiles/CMakeTmp'
Building C object CMakeFiles/cmTC_7812c.dir/CheckSymbolExists.c.o
/usr/bin/cc     -o CMakeFiles/cmTC_7812c.dir/CheckSymbolExists.c.o   -c /home/supreme/djk/myServer/build/CMakeFiles/CMakeTmp/CheckSymbolExists.c
Linking C executable cmTC_7812c
/usr/bin/cmake -E cmake_link_script CMakeFiles/cmTC_7812c.dir/link.txt --verbose=1
/usr/bin/cc       CMakeFiles/cmTC_7812c.dir/CheckSymbolExists.c.o  -o cmTC_7812c -rdynamic 
CMakeFiles/cmTC_7812c.dir/CheckSymbolExists.c.o：在函数‘main’中：
CheckSymbolExists.c:(.text+0x16)：对‘pthread_create’未定义的引用
collect2: error: ld returned 1 exit status
CMakeFiles/cmTC_7812c.dir/build.make:97: recipe for target 'cmTC_7812c' failed
make[1]: *** [cmTC_7812c] Error 1
make[1]: Leaving directory '/home/supreme/djk/myServer/build/CMakeFiles/CMakeTmp'
Makefile:126: recipe for target 'cmTC_7812c/fast' failed
make: *** [cmTC_7812c/fast] Error 2

File /home/supreme/djk/myServer/build/CMakeFiles/CMakeTmp/CheckSymbolExists.c:
/* */
#include <pthread.h>

int main(int argc, char** argv)
{
  (void)argv;
#ifndef pthread_create
  return ((int*)(&pthread_create))[argc];
#else
  (void)argc;
  return 0;
#endif
}

Determining if the function pthread_create exists in the pthreads failed with the following output:
Change Dir: /home/supreme/djk/myServer/build/CMakeFiles/CMakeTmp

Run Build Command:"/usr/bin/make" "cmTC_5ba24/fast"
/usr/bin/make -f CMakeFiles/cmTC_5ba24.dir/build.make CMakeFiles/cmTC_5ba24.dir/build
make[1]: Entering directory '/home/supreme/djk/myServer/build/CMakeFiles/CMakeTmp'
Building C object CMakeFiles/cmTC_5ba24.dir/CheckFunctionExists.c.o
/usr/bin/cc    -DCHECK_FUNCTION_EXISTS=pthread_create   -o CMakeFiles/cmTC_5ba24.dir/CheckFunctionExists.c.o   -c /usr/share/cmake-3.5/Modules/CheckFunctionExists.c
Linking C executable cmTC_5ba24
/usr/bin/cmake -E cmake_link_script CMakeFiles/cmTC_5ba24.dir/link.txt --verbose=1
/usr/bin/cc   -DCHECK_FUNCTION_EXISTS=pthread_create    CMakeFiles/cmTC_5ba24.dir/CheckFunctionExists.c.o  -o cmTC_5ba24 -rdynamic -lpthreads 
/usr/bin/ld: 找不到 -lpthreads
collect2: error: ld returned 1 exit status
CMakeFiles/cmTC_5ba24.dir/build.make:97: recipe for target 'cmTC_5ba24' failed
make[1]: *** [cmTC_5ba24] Error 1
make[1]: Leaving directory '/home/supreme/djk/myServer/build/CMakeFiles/CMakeTmp'
Makefile:126: recipe for target 'cmTC_5ba24/fast' failed
make: *** [cmTC_5ba24/fast] Error 2


